Release 14.5 - xst P.58f (nt64)
Copyright (c) 1995-2012 Xilinx, Inc.  All rights reserved.
--> Parameter TMPDIR set to xst/projnav.tmp


Total REAL time to Xst completion: 0.00 secs
Total CPU time to Xst completion: 0.14 secs
 
--> Parameter xsthdpdir set to xst


Total REAL time to Xst completion: 0.00 secs
Total CPU time to Xst completion: 0.14 secs
 
--> Reading design: accumulator.prj

TABLE OF CONTENTS
  1) Synthesis Options Summary
  2) HDL Parsing
  3) HDL Elaboration
  4) HDL Synthesis
       4.1) HDL Synthesis Report
  5) Advanced HDL Synthesis
       5.1) Advanced HDL Synthesis Report
  6) Low Level Synthesis
  7) Partition Report
  8) Design Summary
       8.1) Primitive and Black Box Usage
       8.2) Device utilization summary
       8.3) Partition Resource Summary
       8.4) Timing Report
            8.4.1) Clock Information
            8.4.2) Asynchronous Control Signals Information
            8.4.3) Timing Summary
            8.4.4) Timing Details
            8.4.5) Cross Clock Domains Report


=========================================================================
*                      Synthesis Options Summary                        *
=========================================================================
---- Source Parameters
Input File Name                    : "accumulator.prj"
Ignore Synthesis Constraint File   : NO

---- Target Parameters
Output File Name                   : "accumulator"
Output Format                      : NGC
Target Device                      : xc6slx45-3-csg324

---- Source Options
Top Module Name                    : accumulator
Automatic FSM Extraction           : YES
FSM Encoding Algorithm             : Auto
Safe Implementation                : No
FSM Style                          : LUT
RAM Extraction                     : Yes
RAM Style                          : Auto
ROM Extraction                     : Yes
Shift Register Extraction          : YES
ROM Style                          : Auto
Resource Sharing                   : YES
Asynchronous To Synchronous        : NO
Shift Register Minimum Size        : 2
Use DSP Block                      : Auto
Automatic Register Balancing       : No

---- Target Options
LUT Combining                      : Auto
Reduce Control Sets                : Auto
Add IO Buffers                     : YES
Global Maximum Fanout              : 100000
Add Generic Clock Buffer(BUFG)     : 16
Register Duplication               : YES
Optimize Instantiated Primitives   : NO
Use Clock Enable                   : Auto
Use Synchronous Set                : Auto
Use Synchronous Reset              : Auto
Pack IO Registers into IOBs        : Auto
Equivalent register Removal        : YES

---- General Options
Optimization Goal                  : Speed
Optimization Effort                : 1
Power Reduction                    : NO
Keep Hierarchy                     : No
Netlist Hierarchy                  : As_Optimized
RTL Output                         : Yes
Global Optimization                : AllClockNets
Read Cores                         : YES
Write Timing Constraints           : NO
Cross Clock Analysis               : NO
Hierarchy Separator                : /
Bus Delimiter                      : <>
Case Specifier                     : Maintain
Slice Utilization Ratio            : 100
BRAM Utilization Ratio             : 100
DSP48 Utilization Ratio            : 100
Auto BRAM Packing                  : NO
Slice Utilization Ratio Delta      : 5

=========================================================================


=========================================================================
*                          HDL Parsing                                  *
=========================================================================
Parsing VHDL file "B:\Acad\Course Material\Semester 4\CS223\cpu_trial_two\accumulator.vhd" into library work
Parsing entity <accumulator>.
Parsing architecture <accArch> of entity <accumulator>.

=========================================================================
*                            HDL Elaboration                            *
=========================================================================

Elaborating entity <accumulator> (architecture <accArch>) from library <work>.
WARNING:HDLCompiler:92 - "B:\Acad\Course Material\Semester 4\CS223\cpu_trial_two\accumulator.vhd" Line 48: en should be on the sensitivity list of the process

=========================================================================
*                           HDL Synthesis                               *
=========================================================================

Synthesizing Unit <accumulator>.
    Related source file is "B:\Acad\Course Material\Semester 4\CS223\cpu_trial_two\accumulator.vhd".
    Found 8-bit register for signal <state>.
    Found 1-bit tristate buffer for signal <data_bus<7>> created at line 63
    Found 1-bit tristate buffer for signal <data_bus<6>> created at line 63
    Found 1-bit tristate buffer for signal <data_bus<5>> created at line 63
    Found 1-bit tristate buffer for signal <data_bus<4>> created at line 63
    Found 1-bit tristate buffer for signal <data_bus<3>> created at line 63
    Found 1-bit tristate buffer for signal <data_bus<2>> created at line 63
    Found 1-bit tristate buffer for signal <data_bus<1>> created at line 63
    Found 1-bit tristate buffer for signal <data_bus<0>> created at line 63
    Summary:
	inferred   8 D-type flip-flop(s).
	inferred   1 Multiplexer(s).
	inferred   8 Tristate(s).
Unit <accumulator> synthesized.

=========================================================================
HDL Synthesis Report

Macro Statistics
# Registers                                            : 1
 8-bit register                                        : 1
# Multiplexers                                         : 1
 8-bit 2-to-1 multiplexer                              : 1
# Tristates                                            : 8
 1-bit tristate buffer                                 : 8

=========================================================================

=========================================================================
*                       Advanced HDL Synthesis                          *
=========================================================================


=========================================================================
Advanced HDL Synthesis Report

Macro Statistics
# Registers                                            : 8
 Flip-Flops                                            : 8
# Multiplexers                                         : 1
 8-bit 2-to-1 multiplexer                              : 1

=========================================================================

=========================================================================
*                         Low Level Synthesis                           *
=========================================================================

Optimizing unit <accumulator> ...

Mapping all equations...
Building and optimizing final netlist ...
Found area constraint ratio of 100 (+ 5) on block accumulator, actual ratio is 0.
FlipFlop accReg_7 has been replicated 1 time(s) to handle iob=true attribute.
FlipFlop accReg_6 has been replicated 1 time(s) to handle iob=true attribute.
FlipFlop accReg_5 has been replicated 1 time(s) to handle iob=true attribute.
FlipFlop accReg_4 has been replicated 1 time(s) to handle iob=true attribute.
FlipFlop accReg_3 has been replicated 1 time(s) to handle iob=true attribute.
FlipFlop accReg_2 has been replicated 1 time(s) to handle iob=true attribute.
FlipFlop accReg_1 has been replicated 1 time(s) to handle iob=true attribute.
FlipFlop accReg_0 has been replicated 1 time(s) to handle iob=true attribute.

Final Macro Processing ...

=========================================================================
Final Register Report

Macro Statistics
# Registers                                            : 16
 Flip-Flops                                            : 16

=========================================================================

=========================================================================
*                           Partition Report                            *
=========================================================================

Partition Implementation Status
-------------------------------

  No Partitions were found in this design.

-------------------------------

=========================================================================
*                            Design Summary                             *
=========================================================================

Top Level Output File Name         : accumulator.ngc

Primitive and Black Box Usage:
------------------------------
# BELS                             : 11
#      LUT2                        : 3
#      LUT4                        : 8
# FlipFlops/Latches                : 16
#      FDRE                        : 16
# Clock Buffers                    : 1
#      BUFGP                       : 1
# IO Buffers                       : 28
#      IBUF                        : 12
#      IOBUF                       : 8
#      OBUF                        : 8

Device utilization summary:
---------------------------

Selected Device : 6slx45csg324-3 


Slice Logic Utilization: 
 Number of Slice LUTs:                   11  out of  27288     0%  
    Number used as Logic:                11  out of  27288     0%  

Slice Logic Distribution: 
 Number of LUT Flip Flop pairs used:     11
   Number with an unused Flip Flop:      11  out of     11   100%  
   Number with an unused LUT:             0  out of     11     0%  
   Number of fully used LUT-FF pairs:     0  out of     11     0%  
   Number of unique control sets:         1

IO Utilization: 
 Number of IOs:                          29
 Number of bonded IOBs:                  29  out of    218    13%  
    IOB Flip Flops/Latches:              16

Specific Feature Utilization:
 Number of BUFG/BUFGCTRL/BUFHCEs:         1  out of     16     6%  

---------------------------
Partition Resource Summary:
---------------------------

  No Partitions were found in this design.

---------------------------


=========================================================================
Timing Report

NOTE: THESE TIMING NUMBERS ARE ONLY A SYNTHESIS ESTIMATE.
      FOR ACCURATE TIMING INFORMATION PLEASE REFER TO THE TRACE REPORT
      GENERATED AFTER PLACE-and-ROUTE.

Clock Information:
------------------
-----------------------------------+------------------------+-------+
Clock Signal                       | Clock buffer(FF name)  | Load  |
-----------------------------------+------------------------+-------+
clk                                | BUFGP                  | 16    |
-----------------------------------+------------------------+-------+

Asynchronous Control Signals Information:
----------------------------------------
No asynchronous control signals found in this design

Timing Summary:
---------------
Speed Grade: -3

   Minimum period: No path found
   Minimum input arrival time before clock: 3.614ns
   Maximum output required time after clock: 3.597ns
   Maximum combinational path delay: 5.656ns

Timing Details:
---------------
All values displayed in nanoseconds (ns)

=========================================================================
Timing constraint: Default OFFSET IN BEFORE for Clock 'clk'
  Total number of paths / destination ports: 128 / 48
-------------------------------------------------------------------------
Offset:              3.614ns (Levels of Logic = 2)
  Source:            en (PAD)
  Destination:       accReg_7 (FF)
  Destination Clock: clk rising

  Data Path: en to accReg_7
                                Gate     Net
    Cell:in->out      fanout   Delay   Delay  Logical Name (Net Name)
    ----------------------------------------  ------------
     IBUF:I->O             3   1.222   0.755  en_IBUF (en_IBUF)
     LUT2:I0->O           16   0.203   1.004  _n00281 (_n0028)
     FDRE:R                    0.430          accReg_7
    ----------------------------------------
    Total                      3.614ns (1.855ns logic, 1.759ns route)
                                       (51.3% logic, 48.7% route)

=========================================================================
Timing constraint: Default OFFSET OUT AFTER for Clock 'clk'
  Total number of paths / destination ports: 16 / 16
-------------------------------------------------------------------------
Offset:              3.597ns (Levels of Logic = 1)
  Source:            accReg_7_1 (FF)
  Destination:       data_bus<7> (PAD)
  Source Clock:      clk rising

  Data Path: accReg_7_1 to data_bus<7>
                                Gate     Net
    Cell:in->out      fanout   Delay   Delay  Logical Name (Net Name)
    ----------------------------------------  ------------
     FDRE:C->Q             1   0.447   0.579  accReg_7_1 (accReg_7_1)
     IOBUF:I->IO               2.571          data_bus_7_IOBUF (data_bus<7>)
    ----------------------------------------
    Total                      3.597ns (3.018ns logic, 0.579ns route)
                                       (83.9% logic, 16.1% route)

=========================================================================
Timing constraint: Default path analysis
  Total number of paths / destination ports: 16 / 8
-------------------------------------------------------------------------
Delay:               5.656ns (Levels of Logic = 3)
  Source:            en_read (PAD)
  Destination:       data_bus<7> (PAD)

  Data Path: en_read to data_bus<7>
                                Gate     Net
    Cell:in->out      fanout   Delay   Delay  Logical Name (Net Name)
    ----------------------------------------  ------------
     IBUF:I->O            10   1.222   0.857  en_read_IBUF (en_read_IBUF)
     LUT2:I1->O            8   0.205   0.802  en_read_en_AND_3_o_inv1 (en_read_en_AND_3_o_inv)
     IOBUF:T->IO               2.571          data_bus_7_IOBUF (data_bus<7>)
    ----------------------------------------
    Total                      5.656ns (3.998ns logic, 1.658ns route)
                                       (70.7% logic, 29.3% route)

=========================================================================

Cross Clock Domains Report:
--------------------------

=========================================================================


Total REAL time to Xst completion: 6.00 secs
Total CPU time to Xst completion: 5.30 secs
 
--> 

Total memory usage is 243100 kilobytes

Number of errors   :    0 (   0 filtered)
Number of warnings :    1 (   0 filtered)
Number of infos    :    0 (   0 filtered)

